<?xml version="1.0" encoding="utf-8"?><testsuites><testsuite name="pytest" errors="0" failures="0" skipped="0" tests="3" time="0.828" timestamp="2024-04-10T08:54:30.914514" hostname="a165fae206f7"><testcase classname="tests.test_prediction" name="test_single_pred_not_none" time="0.025" /><testcase classname="tests.test_prediction" name="test_single_pred_str_type" time="0.022" /><testcase classname="tests.test_prediction" name="test_single_pred_validate" time="0.021" /></testsuite></testsuites>